<html>
<body>
<pre>
<h1>µVision Build Log</h1>
<h2>Tool Versions:</h2>
IDE-Version: ¦ÌVision V5.32.0.0
Copyright (C) 2020 ARM Ltd and ARM Germany GmbH. All rights reserved.
License Information: efe ly61, HP Inc., LIC=----
 
Tool Versions:
Toolchain:       MDK-Lite  Version: 5.32.0.0
Toolchain Path:  C:\Keil_v5\ARM\ARMCC\Bin
C Compiler:      Armcc.exe V5.06 update 7 (build 960)
Assembler:       Armasm.exe V5.06 update 7 (build 960)
Linker/Locator:  ArmLink.exe V5.06 update 7 (build 960)
Library Manager: ArmAr.exe V5.06 update 7 (build 960)
Hex Converter:   FromElf.exe V5.06 update 7 (build 960)
CPU DLL:         SARMCM3.DLL V5.32.0.0
Dialog DLL:      DCM.DLL V1.17.3.0
Target DLL:      CMSIS_AGDI.dll V1.32.12.0
Dialog DLL:      TCM.DLL V1.46.0.0
 
<h2>Project:</h2>
D:\32project\trans\MDK-ARM\trans.uvprojx
Project File Date:  10/29/2023

<h2>Output:</h2>
*** Using Compiler 'V5.06 update 7 (build 960)', folder: 'C:\Keil_v5\ARM\ARMCC\Bin'
Build target 'trans'
assembling startup_stm32f407xx.s...
compiling dma.c...
compiling stm32f4xx_it.c...
compiling tim.c...
compiling main.c...
../Core/Src/main.c(67): error:  #79: expected a type specifier
  	HAL_UART_Transmit_DMA (&huart1,buffer,3);
../Core/Src/main.c(67): error:  #757: variable "buffer"  is not a type name
  	HAL_UART_Transmit_DMA (&huart1,buffer,3);
../Core/Src/main.c(67): error:  #79: expected a type specifier
  	HAL_UART_Transmit_DMA (&huart1,buffer,3);
../Core/Src/main.c(67): error:  #260-D: explicit type is missing ("int" assumed)
  	HAL_UART_Transmit_DMA (&huart1,buffer,3);
../Core/Src/main.c(67): error:  #147: declaration is incompatible with "HAL_StatusTypeDef HAL_UART_Transmit_DMA(UART_HandleTypeDef *, uint8_t *, uint16_t)"  (declared at line 700 of "../Drivers/STM32F4xx_HAL_Driver/Inc/stm32f4xx_hal_uart.h")
  	HAL_UART_Transmit_DMA (&huart1,buffer,3);
../Core/Src/main.c(118): warning:  #177-D: variable "x"  was declared but never referenced
  		uint8_t x;
../Core/Src/main.c: 1 warning, 5 errors
compiling stm32f4xx_hal_msp.c...
compiling stm32f4xx_hal_flash_ramfunc.c...
compiling usart.c...
compiling stm32f4xx_hal_flash_ex.c...
compiling stm32f4xx_hal_flash.c...
compiling stm32f4xx_hal_rcc_ex.c...
compiling gpio.c...
compiling stm32f4xx_hal_tim_ex.c...
compiling stm32f4xx_hal_rcc.c...
compiling stm32f4xx_hal_tim.c...
compiling stm32f4xx_hal_pwr_ex.c...
compiling system_stm32f4xx.c...
compiling stm32f4xx_hal_cortex.c...
compiling stm32f4xx_hal.c...
compiling stm32f4xx_hal_pwr.c...
compiling stm32f4xx_hal_exti.c...
compiling stm32f4xx_hal_gpio.c...
compiling stm32f4xx_hal_dma.c...
compiling stm32f4xx_hal_dma_ex.c...
compiling stm32f4xx_hal_uart.c...
"trans\trans.axf" - 5 Error(s), 1 Warning(s).

<h2>Software Packages used:</h2>

Package Vendor: ARM
                http://www.keil.com/pack/ARM.CMSIS.5.7.0.pack
                ARM.CMSIS.5.7.0
                CMSIS (Cortex Microcontroller Software Interface Standard)
   * Component: CORE Version: 5.4.0

Package Vendor: Keil
                http://www.keil.com/pack/Keil.STM32F4xx_DFP.2.15.0.pack
                Keil.STM32F4xx_DFP.2.15.0
                STMicroelectronics STM32F4 Series Device Support, Drivers and Examples

<h2>Collection of Component include folders:</h2>
  .\RTE\_trans
  C:\Users\ly61\AppData\Local\Arm\Packs\ARM\CMSIS\5.7.0\CMSIS\Core\Include
  C:\Users\ly61\AppData\Local\Arm\Packs\Keil\STM32F4xx_DFP\2.15.0\Drivers\CMSIS\Device\ST\STM32F4xx\Include

<h2>Collection of Component Files used:</h2>

   * Component: ARM::CMSIS:CORE:5.4.0
Target not created.
Build Time Elapsed:  00:00:09
</pre>
</body>
</html>
