<html>
<body>
<pre>
<h1>µVision Build Log</h1>
<h2>Tool Versions:</h2>
IDE-Version: ¦ÌVision V5.32.0.0
Copyright (C) 2020 ARM Ltd and ARM Germany GmbH. All rights reserved.
License Information: efe ly61, HP Inc., LIC=----
 
Tool Versions:
Toolchain:       MDK-Lite  Version: 5.32.0.0
Toolchain Path:  C:\Keil_v5\ARM\ARMCC\Bin
C Compiler:      Armcc.exe V5.06 update 7 (build 960)
Assembler:       Armasm.exe V5.06 update 7 (build 960)
Linker/Locator:  ArmLink.exe V5.06 update 7 (build 960)
Library Manager: ArmAr.exe V5.06 update 7 (build 960)
Hex Converter:   FromElf.exe V5.06 update 7 (build 960)
CPU DLL:         SARMCM3.DLL V5.32.0.0
Dialog DLL:      DCM.DLL V1.17.3.0
Target DLL:      CMSIS_AGDI.dll V1.32.12.0
Dialog DLL:      TCM.DLL V1.46.0.0
 
<h2>Project:</h2>
D:\32project\Cagin\MDK-ARM\Cagin.uvprojx
Project File Date:  10/18/2023

<h2>Output:</h2>
*** Using Compiler 'V5.06 update 7 (build 960)', folder: 'C:\Keil_v5\ARM\ARMCC\Bin'
Build target 'Cagin'
compiling classis.c...
classis.c(1): error:  #5: cannot open source input file "classis.h": No such file or directory
  #include "classis.h"
classis.c: 0 warnings, 1 error
compiling main.c...
compiling stm32f4xx_it.c...
compiling stm32f4xx_hal_msp.c...
compiling stm32f4xx_hal_flash_ramfunc.c...
compiling rc.c...
rc.c(6): error:  #79: expected a type specifier
  HAL_UART_Receive (&huart3, data, 25, 0xFFFF);
rc.c(6): error:  #757: variable "data"  is not a type name
  HAL_UART_Receive (&huart3, data, 25, 0xFFFF);
rc.c(6): error:  #79: expected a type specifier
  HAL_UART_Receive (&huart3, data, 25, 0xFFFF);
rc.c(6): error:  #79: expected a type specifier
  HAL_UART_Receive (&huart3, data, 25, 0xFFFF);
rc.c(6): error:  #260-D: explicit type is missing ("int" assumed)
  HAL_UART_Receive (&huart3, data, 25, 0xFFFF);
rc.c(6): error:  #147: declaration is incompatible with "HAL_StatusTypeDef HAL_UART_Receive(UART_HandleTypeDef *, uint8_t *, uint16_t, uint32_t)"  (declared at line 697 of "../Drivers/STM32F4xx_HAL_Driver/Inc/stm32f4xx_hal_uart.h")
  HAL_UART_Receive (&huart3, data, 25, 0xFFFF);
rc.c(9): error:  #94-D: the size of an array must be greater than zero
  channel[0]  = (data[1]  >> 0  | data[2]  << 8) & 0x7ff;
rc.c(9): error:  #77-D: this declaration has no storage class or type specifier
  channel[0]  = (data[1]  >> 0  | data[2]  << 8) & 0x7ff;
rc.c(9): error:  #147: declaration is incompatible with "uint8_t channel[25]"  (declared at line 4)
  channel[0]  = (data[1]  >> 0  | data[2]  << 8) & 0x7ff;
rc.c(9): error:  #28: expression must have a constant value
  channel[0]  = (data[1]  >> 0  | data[2]  << 8) & 0x7ff;
rc.c(9): error:  #28: expression must have a constant value
  channel[0]  = (data[1]  >> 0  | data[2]  << 8) & 0x7ff;
rc.c(10): error:  #77-D: this declaration has no storage class or type specifier
  channel[1]  = (data[2]  >> 3  | data[3]  << 5) & 0x7ff;
rc.c(10): error:  #147: declaration is incompatible with "uint8_t channel[25]"  (declared at line 9)
  channel[1]  = (data[2]  >> 3  | data[3]  << 5) & 0x7ff;
rc.c(10): error:  #148: variable "channel"  has already been initialized
  channel[1]  = (data[2]  >> 3  | data[3]  << 5) & 0x7ff;
rc.c(10): error:  #28: expression must have a constant value
  channel[1]  = (data[2]  >> 3  | data[3]  << 5) & 0x7ff;
rc.c(10): error:  #28: expression must have a constant value
  channel[1]  = (data[2]  >> 3  | data[3]  << 5) & 0x7ff;
rc.c(11): error:  #77-D: this declaration has no storage class or type specifier
  channel[2]  = (data[3]  >> 6  | data[4]  << 2  | data[5] << 10) & 0x7ff;
rc.c(11): error:  #147: declaration is incompatible with "uint8_t channel[25]"  (declared at line 9)
  channel[2]  = (data[3]  >> 6  | data[4]  << 2  | data[5] << 10) & 0x7ff;
rc.c(11): error:  #148: variable "channel"  has already been initialized
  channel[2]  = (data[3]  >> 6  | data[4]  << 2  | data[5] << 10) & 0x7ff;
rc.c(11): error:  #28: expression must have a constant value
  channel[2]  = (data[3]  >> 6  | data[4]  << 2  | data[5] << 10) & 0x7ff;
rc.c(11): error:  #28: expression must have a constant value
  channel[2]  = (data[3]  >> 6  | data[4]  << 2  | data[5] << 10) & 0x7ff;
rc.c(11): error:  #28: expression must have a constant value
  channel[2]  = (data[3]  >> 6  | data[4]  << 2  | data[5] << 10) & 0x7ff;
rc.c(12): error:  #77-D: this declaration has no storage class or type specifier
  channel[3]  = (data[5]  >> 1  | data[6]  << 7) & 0x7ff;
rc.c(12): error:  #147: declaration is incompatible with "uint8_t channel[25]"  (declared at line 9)
  channel[3]  = (data[5]  >> 1  | data[6]  << 7) & 0x7ff;
rc.c(12): error:  #148: variable "channel"  has already been initialized
  channel[3]  = (data[5]  >> 1  | data[6]  << 7) & 0x7ff;
rc.c(12): error:  #28: expression must have a constant value
  channel[3]  = (data[5]  >> 1  | data[6]  << 7) & 0x7ff;
rc.c(12): error:  #28: expression must have a constant value
  channel[3]  = (data[5]  >> 1  | data[6]  << 7) & 0x7ff;
rc.c(13): error:  #77-D: this declaration has no storage class or type specifier
  channel[4]  = (data[6]  >> 4  | data[7]  << 4) & 0x7ff;
rc.c(13): error:  #147: declaration is incompatible with "uint8_t channel[25]"  (declared at line 9)
  channel[4]  = (data[6]  >> 4  | data[7]  << 4) & 0x7ff;
rc.c(13): error:  #148: variable "channel"  has already been initialized
  channel[4]  = (data[6]  >> 4  | data[7]  << 4) & 0x7ff;
rc.c: 0 warnings, 30 errors
compiling gpio.c...
compiling pid.c...
pid.h(48): warning:  #1-D: last line of file ends without a newline
  #endif
pid.c(38): warning:  #1-D: last line of file ends without a newline
  }
pid.c: 2 warnings, 0 errors
compiling stm32f4xx_hal_flash_ex.c...
compiling can.c...
compiling usart.c...
compiling stm32f4xx_hal_rcc_ex.c...
compiling stm32f4xx_hal_flash.c...
compiling stm32f4xx_hal_rcc.c...
compiling stm32f4xx_hal_can.c...
compiling stm32f4xx_hal_pwr.c...
compiling stm32f4xx_hal_exti.c...
compiling stm32f4xx_hal_gpio.c...
compiling stm32f4xx_hal_tim.c...
compiling stm32f4xx_hal_dma.c...
compiling system_stm32f4xx.c...
compiling stm32f4xx_hal_pwr_ex.c...
compiling stm32f4xx_hal_tim_ex.c...
compiling stm32f4xx_hal.c...
compiling stm32f4xx_hal_cortex.c...
compiling stm32f4xx_hal_dma_ex.c...
compiling stm32f4xx_hal_uart.c...
"Cagin\Cagin.axf" - 31 Error(s), 2 Warning(s).

<h2>Software Packages used:</h2>

Package Vendor: ARM
                http://www.keil.com/pack/ARM.CMSIS.5.7.0.pack
                ARM.CMSIS.5.7.0
                CMSIS (Cortex Microcontroller Software Interface Standard)
   * Component: CORE Version: 5.4.0

Package Vendor: Keil
                http://www.keil.com/pack/Keil.STM32F4xx_DFP.2.15.0.pack
                Keil.STM32F4xx_DFP.2.15.0
                STMicroelectronics STM32F4 Series Device Support, Drivers and Examples

<h2>Collection of Component include folders:</h2>
  .\RTE\_Cagin
  C:\Users\ly61\AppData\Local\Arm\Packs\ARM\CMSIS\5.7.0\CMSIS\Core\Include
  C:\Users\ly61\AppData\Local\Arm\Packs\Keil\STM32F4xx_DFP\2.15.0\Drivers\CMSIS\Device\ST\STM32F4xx\Include

<h2>Collection of Component Files used:</h2>

   * Component: ARM::CMSIS:CORE:5.4.0
      Include file:  CMSIS\Core\Include\tz_context.h
Target not created.
Build Time Elapsed:  00:00:08
</pre>
</body>
</html>
